<?xml version="1.0" encoding="UTF-8"?>
<testng-results skipped="0" failed="0" total="1" passed="1">
  <reporter-output>
  </reporter-output>
  <suite name="Default suite" duration-ms="1393" started-at="2018-01-22T03:52:14Z" finished-at="2018-01-22T03:52:15Z">
    <groups>
    </groups>
    <test name="Default test" duration-ms="1393" started-at="2018-01-22T03:52:14Z" finished-at="2018-01-22T03:52:15Z">
      <class name="com.qa.test.PostApiTest">
        <test-method status="PASS" signature="setUp()[pri:0, instance:com.qa.test.PostApiTest@5d5eef3d]" name="setUp" is-config="true" duration-ms="10" started-at="2018-01-22T09:22:14Z" finished-at="2018-01-22T09:22:14Z">
          <reporter-output>
          </reporter-output>
        </test-method> <!-- setUp -->
        <test-method status="PASS" signature="postAPITest()[pri:0, instance:com.qa.test.PostApiTest@5d5eef3d]" name="postAPITest" duration-ms="1359" started-at="2018-01-22T09:22:14Z" finished-at="2018-01-22T09:22:15Z">
          <reporter-output>
          </reporter-output>
        </test-method> <!-- postAPITest -->
      </class> <!-- com.qa.test.PostApiTest -->
    </test> <!-- Default test -->
  </suite> <!-- Default suite -->
</testng-results>
